0 info it worked if it ends with ok
1 verbose cli [ 'F:\\Users\\KINGBOOK\\AppData\\Local\\atom\\app-1.18.0\\resources\\app\\apm\\bin\\node.exe',
1 verbose cli   'F:\\Users\\KINGBOOK\\AppData\\Local\\atom\\app-1.18.0\\resources\\app\\apm\\node_modules\\npm\\bin\\npm-cli.js',
1 verbose cli   'run',
1 verbose cli   'dev' ]
2 info using npm@3.10.10
3 info using node@v6.9.5
4 verbose run-script [ 'predev', 'dev', 'postdev' ]
5 info lifecycle @~predev: @
6 silly lifecycle @~predev: no script for predev, continuing
7 info lifecycle @~dev: @
8 verbose lifecycle @~dev: unsafe-perm in lifecycle true
9 verbose lifecycle @~dev: PATH: F:\Users\KINGBOOK\AppData\Local\atom\app-1.18.0\resources\app\apm\node_modules\npm\bin\node-gyp-bin;F:\Workspace\GitHub_Repository\crx-selection-translate\node_modules\.bin;F:\Users\KINGBOOK\AppData\Local\atom\app-1.18.0\resources\app\apm\bin\;E:\cmder\bin;E:\cmder\vendor\conemu-maximus5\ConEmu\Scripts;E:\cmder\vendor\conemu-maximus5;E:\cmder\vendor\conemu-maximus5\ConEmu;E:\Oracle_Desktop_32\KINGBOOK\product\11.2.0\dbhome_1\bin;C:\ProgramData\Oracle\Java\javapath;C:\Program Files (x86)\Intel\iCLS Client\;C:\Program Files\Intel\iCLS Client\;C:\Windows\system32;C:\Windows;C:\Windows\System32\Wbem;C:\Windows\System32\WindowsPowerShell\v1.0\;C:\Program Files\Intel\Intel(R) Management Engine Components\DAL;C:\Program Files\Intel\Intel(R) Management Engine Components\IPT;C:\Program Files (x86)\Intel\Intel(R) Management Engine Components\DAL;C:\Program Files (x86)\Intel\Intel(R) Management Engine Components\IPT;C:\Program Files (x86)\Intel\OpenCL SDK\2.0\bin\x86;C:\Program Files (x86)\Intel\OpenCL SDK\2.0\bin\x64;E:\Git\cmd;E:\cmder;C:\Program Files\Microsoft\Web Platform Installer\;C:\Program Files (x86)\Microsoft ASP.NET\ASP.NET Web Pages\v1.0\;C:\Program Files (x86)\Windows Kits\8.0\Windows Performance Toolkit\;C:\Program Files\Microsoft SQL Server\110\Tools\Binn\;%ANDROID_HOME%\platform-tools;E:\apache-maven-3.3.9\bin;E:\mysql-5.6.29-winx64\bin;C:\Program Files (x86)\Microsoft SQL Server\110\DTS\Binn\;C:\Program Files (x86)\Microsoft SQL Server\110\Tools\Binn\;C:\Program Files (x86)\Microsoft SQL Server\110\Tools\Binn\ManagementStudio\;C:\Program Files (x86)\Microsoft Visual Studio 10.0\Common7\IDE\PrivateAssemblies\;E:\wildfly-8.2.0.Final\bin;E:\ctags58;E:\CMake\bin;F:\Users\KINGBOOK\AppData\Local\atom\app-1.18.0\resources\app\apm\bin;E:\Java\jdk1.8.0_121\bin;E:\SciTools\bin\pc-win64;E:\nodejs\;E:\Redis-x64-3.2.100;E:\TortoiseSVN\bin;E:\Python\Python36-32\Scripts\;E:\Python\Python36-32\;C:\Users\KINGBOOK\AppData\Roaming\npm;E:\Git\usr\bin;E:\Git\usr\share\vim\vim74;E:\cmder\
10 verbose lifecycle @~dev: CWD: F:\Workspace\GitHub_Repository\crx-selection-translate
11 silly lifecycle @~dev: Args: [ '/d /s /c', 'webpack --config build/webpack.dev.config.js' ]
12 silly lifecycle @~dev: Returned: code: 3221225786  signal: null
13 info lifecycle @~dev: Failed to exec dev script
14 verbose stack Error: @ dev: `webpack --config build/webpack.dev.config.js`
14 verbose stack Exit status 3221225786
14 verbose stack     at EventEmitter.<anonymous> (F:\Users\KINGBOOK\AppData\Local\atom\app-1.18.0\resources\app\apm\node_modules\npm\lib\utils\lifecycle.js:255:16)
14 verbose stack     at emitTwo (events.js:106:13)
14 verbose stack     at EventEmitter.emit (events.js:191:7)
14 verbose stack     at ChildProcess.<anonymous> (F:\Users\KINGBOOK\AppData\Local\atom\app-1.18.0\resources\app\apm\node_modules\npm\lib\utils\spawn.js:40:14)
14 verbose stack     at emitTwo (events.js:106:13)
14 verbose stack     at ChildProcess.emit (events.js:191:7)
14 verbose stack     at maybeClose (internal/child_process.js:877:16)
14 verbose stack     at Process.ChildProcess._handle.onexit (internal/child_process.js:226:5)
15 verbose pkgid @
16 verbose cwd F:\Workspace\GitHub_Repository\crx-selection-translate
17 error Windows_NT 6.1.7601
18 error argv "F:\\Users\\KINGBOOK\\AppData\\Local\\atom\\app-1.18.0\\resources\\app\\apm\\bin\\node.exe" "F:\\Users\\KINGBOOK\\AppData\\Local\\atom\\app-1.18.0\\resources\\app\\apm\\node_modules\\npm\\bin\\npm-cli.js" "run" "dev"
19 error node v6.9.5
20 error npm  v3.10.10
21 error code ELIFECYCLE
22 error @ dev: `webpack --config build/webpack.dev.config.js`
22 error Exit status 3221225786
23 error Failed at the @ dev script 'webpack --config build/webpack.dev.config.js'.
23 error Make sure you have the latest version of node.js and npm installed.
23 error If you do, this is most likely a problem with the  package,
23 error not with npm itself.
23 error Tell the author that this fails on your system:
23 error     webpack --config build/webpack.dev.config.js
23 error You can get information on how to open an issue for this project with:
23 error     npm bugs
23 error Or if that isn't available, you can get their info via:
23 error     npm owner ls
23 error There is likely additional logging output above.
24 verbose exit [ 1, true ]
